SF:lib\sign_in_model.dart
DA:18,0
DA:23,1
DA:24,1
DA:25,1
DA:28,1
DA:29,1
DA:30,1
DA:33,1
DA:34,1
DA:35,1
DA:38,1
DA:39,4
DA:40,1
DA:41,1
DA:44,5
DA:45,1
DA:46,1
DA:49,3
DA:50,1
DA:51,1
DA:54,1
DA:58,1
DA:59,1
DA:61,1
DA:62,1
DA:63,1
DA:72,1
DA:74,1
DA:75,1
DA:78,0
DA:79,0
DA:80,0
DA:85,1
DA:86,1
DA:87,1
DA:90,1
DA:92,1
LF:37
LH:33
end_of_record
SF:lib\backend\api_requests\api_calls.dart
DA:4,0
DA:5,0
DA:7,0
DA:8,0
DA:10,0
DA:11,0
DA:12,0
DA:13,0
DA:14,0
DA:15,0
DA:16,0
DA:17,0
DA:18,0
DA:28,0
LF:14
LH:0
end_of_record
